2026-02-05 14:17:57,657 - INFO - =========KNN===========
2026-02-05 14:17:57,680 - INFO - KNN Test Accuracy : 0.6919801277501775
2026-02-05 14:17:57,680 - INFO - =========NB===========
2026-02-05 14:17:57,695 - INFO - Naive Bayes Test Accuracy : 0.6820440028388929
2026-02-05 14:17:57,695 - INFO - =========LR===========
2026-02-05 14:17:57,734 - INFO - LogisticRegression Test Accuracy : 0.7551454932576295
2026-02-05 14:17:57,734 - INFO - =========DT===========
2026-02-05 14:17:57,796 - INFO - DecisionTreeClassifier Test Accuracy : 0.7210787792760823
2026-02-05 14:17:57,796 - INFO - =========RF===========
2026-02-05 14:17:57,864 - INFO - RandomForestClassifier Test Accuracy : 0.7721788502484032
2026-02-05 14:17:57,864 - INFO - =========SVM===========
2026-02-05 14:18:05,118 - INFO - SVM Test Accuracy : 0.7906316536550745
2026-02-05 14:18:05,118 - INFO - =========Gradient Boosting===========
2026-02-05 14:18:06,761 - INFO - GradientBoostingClassifier Test Accuracy : 0.8034066713981547
2026-02-05 14:18:06,761 - INFO - =========AdaBoost===========
2026-02-05 14:18:07,183 - INFO - AdaBoostClassifier Test Accuracy : 0.7785663591199432
2026-02-05 14:18:07,183 - INFO - =========Extra Trees===========
2026-02-05 14:18:07,787 - INFO - ExtraTreesClassifier Test Accuracy : 0.7821149751596878
2026-02-05 14:18:07,787 - INFO - =========XGBoost===========
2026-02-05 14:18:07,980 - INFO - XGBoost Test Accuracy : 0.7849538679914834
2026-02-05 14:18:08,473 - INFO - KNN ROC-AUC Score: 0.7748170422433157
2026-02-05 14:18:08,473 - INFO - NB ROC-AUC Score: 0.8363783162710776
2026-02-05 14:18:08,473 - INFO - LR ROC-AUC Score: 0.8605639342904758
2026-02-05 14:18:08,473 - INFO - DT ROC-AUC Score: 0.6516246234744894
2026-02-05 14:18:08,473 - INFO - RF ROC-AUC Score: 0.7774475452089393
2026-02-05 14:18:08,473 - INFO - SVM ROC-AUC Score: 0.8489990373368388
2026-02-05 14:18:08,473 - INFO - GBC ROC-AUC Score: 0.8562539464013994
2026-02-05 14:18:08,473 - INFO - ADA ROC-AUC Score: 0.850769095407165
2026-02-05 14:18:08,473 - INFO - ETC ROC-AUC Score: 0.8171962176653866
2026-02-05 14:18:08,473 - INFO - XGA ROC-AUC Score: 0.8403234237684641
2026-02-05 14:18:08,473 - INFO - ===================================
2026-02-05 14:18:08,473 - INFO - BEST MODEL: LR
2026-02-05 14:18:08,473 - INFO - BEST ROC-AUC: 0.8605639342904758
2026-02-05 14:18:08,473 - INFO - ===================================
2026-02-05 14:18:08,482 - INFO - LR saved successfully as churn_Prediction.pkl
